20230318T000000 skipped
20230318T040000 skipped
20230318T080000 skipped
20230318T120000 skipped
20230318T160000 skipped
20230318T200000 skipped
20230322T000000 skipped
20230322T040000 skipped
20230322T080000 skipped
20230322T120000 skipped
20230322T160000 skipped
20230322T200000 skipped
20230326T000000 skipped
20230326T040000 skipped
20230326T080000 skipped
20230326T120000 skipped
20230326T160000 skipped
20230326T200000 skipped
20230330T000000 skipped
20230330T040000 skipped
20230330T080000 skipped
20230330T120000 skipped
20230330T160000 skipped
20230330T200000 skipped
20230403T000000 skipped
20230403T040000 skipped
20230403T080000 skipped
20230403T120000 skipped
20230403T160000 skipped
20230403T200000 skipped
20230407T000000 skipped
20230407T040000 skipped
20230407T080000 skipped
20230407T120000 skipped
20230407T160000 skipped
20230407T200000 skipped
20230411T000000 skipped
20230411T040000 skipped
20230411T080000 skipped
20230411T120000 skipped
20230411T160000 skipped
20230411T200000 skipped
20230415T000000 skipped
20230415T040000 skipped
20230415T080000 skipped
20230415T120000 skipped
20230415T160000 skipped
20230415T200000 skipped
20230419T000000 skipped
20230419T080000 skipped
20230419T120000 skipped
20230419T160000 skipped
20230419T200000 skipped
20230423T000000 skipped
20230423T040000 skipped
20230423T080000 skipped
20230423T120000 skipped
20230423T160000 skipped
20230423T200000 skipped
20230427T000000 skipped
20230427T040000 skipped
20230427T080000 skipped
20230427T120000 skipped
20230427T160000 skipped
20230427T200000 skipped
20230501T000000 skipped
20230501T040000 skipped
20230501T080000 skipped
20230501T120000 skipped
20230501T160000 skipped
20230501T200000 skipped
20230505T000000 skipped
20230505T040000 skipped
20230505T080000 skipped
20230505T120000 skipped
20230505T160000 skipped
20230505T200000 skipped
20230509T000000 skipped
20230509T040000 skipped
20230509T080000 skipped
20230509T120000 skipped
20230509T160000 skipped
20230509T200000 skipped
20230513T000000 skipped
20230513T040000 skipped
20230513T080000 skipped
20230513T120000 skipped
20230513T160000 skipped
20230513T200000 skipped
20230517T000000 skipped
20230517T040000 skipped
20230517T080000 skipped
20230517T120000 skipped
20230517T160000 skipped
20230517T200000 skipped
20230521T000000 skipped
20230521T040000 skipped
20230521T080000 skipped
20230521T120000 skipped
20230521T160000 skipped
20230521T200000 skipped
20230525T000000 skipped
20230525T040000 skipped
20230525T080000 skipped
20230525T120000 skipped
20230525T160000 skipped
20230525T200000 skipped
20230529T000000 skipped
20230529T040000 skipped
20230529T080000 skipped
20230529T120000 skipped
20230529T160000 skipped
20230529T200000 skipped
20230602T000000 skipped
20230602T040000 skipped
20230602T080000 skipped
20230602T120000 skipped
20230602T160000 skipped
20230602T200000 skipped
20230606T000000 skipped
20230606T040000 skipped
20230606T080000 skipped
20230606T120000 skipped
20230606T160000 skipped
20230606T200000 skipped
20230610T000000 skipped
20230610T040000 skipped
20230610T080000 skipped
20230610T120000 skipped
20230610T160000 skipped
20230610T200000 skipped
20230614T000000 skipped
20230614T040000 skipped
20230614T080000 skipped
20230614T120000 skipped
20230614T160000 skipped
20230614T200000 skipped
20230618T000000 skipped
20230618T040000 skipped
20230618T080000 skipped
20230618T120000 skipped
20230618T160000 skipped
20230618T200000 skipped
20230622T000000 skipped
20230622T040000 skipped
20230622T080000 skipped
20230622T120000 skipped
20230622T160000 skipped
20230622T200000 skipped
20230626T000000 skipped
20230803T000000 skipped
20230803T040000 skipped
20230803T080000 skipped
20230803T120000 skipped
20230803T160000 skipped
20230803T200000 skipped
20230807T000000 skipped
20230807T040000 skipped
20230807T080000 skipped
20230807T120000 skipped
20230807T160000 skipped
20230807T200000 skipped
20230811T000000 skipped
20230811T040000 skipped
20230811T080000 skipped
20230811T120000 skipped
20230811T160000 skipped
20230811T200000 skipped
20230815T000000 skipped
20230815T040000 skipped
20230815T080000 skipped
20230815T120000 skipped
20230815T160000 skipped
20230815T200000 skipped
20230819T000000 skipped
20230819T040000 skipped
20230819T080000 skipped
20230819T120000 skipped
20230819T160000 skipped
20230819T200000 skipped
20230823T000000 skipped
20230823T040000 skipped
20230823T080000 skipped
20230823T120000 skipped
20230823T160000 skipped
20230823T200000 skipped
20230827T000000 skipped
20230827T040000 skipped
20230827T080000 skipped
20230827T120000 skipped
20230827T160000 skipped
20230827T200000 skipped
20230831T000000 skipped
20230831T040000 skipped
20230831T080000 skipped
20230831T120000 skipped
20230831T160000 skipped
20230831T200000 skipped
20230904T000000 skipped
20230904T040000 skipped
20230904T080000 skipped
20230904T120000 skipped
20230904T160000 skipped
20230904T200000 skipped
20230908T000000 skipped
20230908T040000 skipped
20230908T080000 skipped
20230908T120000 skipped
20230908T160000 skipped
20230908T200000 skipped
20230912T000000 skipped
20230912T040000 skipped
20230912T080000 skipped
20230912T120000 skipped
20230912T160000 skipped
20230912T200000 skipped
20230916T000000 skipped
20230916T040000 skipped
20230916T080000 skipped
20230916T120000 skipped
20230916T160000 skipped
20230916T200000 skipped
20230920T000000 skipped
20230920T040000 skipped
20230920T080000 skipped
20230920T120000 skipped
20230920T160000 skipped
20230920T200000 skipped
20230924T000000 skipped
20230924T080000 skipped
20230924T120000 skipped
20230924T160000 skipped
20230924T200000 skipped
20230928T000000 skipped
20230928T040000 skipped
20230928T080000 skipped
20230928T120000 skipped
20230928T160000 skipped
20230928T200000 skipped
20231002T000000 skipped
20231002T040000 skipped
20231002T080000 skipped
20231002T120000 skipped
20231002T160000 skipped
20231002T200000 skipped
20231006T000000 skipped
20231006T040000 skipped
20231006T080000 skipped
20231006T120000 skipped
20231006T160000 skipped
20231006T200000 skipped
20231010T000000 skipped
20231010T040000 skipped
20231010T080000 skipped
20231010T120000 skipped
20231010T160000 skipped
20231010T200000 skipped
20231014T000000 skipped
20231014T040000 skipped
20231014T080000 skipped
20231014T120000 skipped
20231014T160000 skipped
20231014T200000 skipped
20231022T000000 skipped
20231022T040000 skipped
20231022T080000 skipped
20231022T120000 skipped
20231022T160000 skipped
20231022T200000 skipped
20231026T000000 skipped
20231026T040000 skipped
20231026T080000 skipped
20231026T120000 skipped
20231026T160000 skipped
20231026T200000 skipped
20231030T000000 skipped
20231030T040000 skipped
20231030T080000 skipped
20231030T120000 skipped
20231030T160000 skipped
20231030T200000 skipped
20231103T000000 skipped
20231103T040000 skipped
20231103T080000 skipped
20231103T120000 skipped
20231103T160000 skipped
20231103T200000 skipped
20231107T000000 skipped
20231107T040000 skipped
20231107T080000 skipped
20231107T120000 skipped
20231107T160000 skipped
20231107T200000 skipped
20231111T000000 skipped
20231111T040000 skipped
20231111T080000 skipped
20231111T120000 skipped
20231111T160000 skipped
20231111T200000 skipped
20231115T000000 skipped
20231115T040000 skipped
20231115T080000 skipped
20231115T120000 skipped
20231115T160000 skipped
20231115T200000 skipped
20231119T000000 skipped
20231119T040000 skipped
20231119T080000 skipped
20231119T120000 skipped
20231123T000000 skipped
20231123T040000 skipped
20231123T080000 skipped
20231123T120000 skipped
20231123T160000 skipped
20231123T200000 skipped
20231127T000000 skipped
20231127T040000 skipped
20231127T080000 skipped
20231127T120000 skipped
20231127T160000 skipped
20231127T200000 skipped
20231201T000000 skipped
20231201T040000 skipped
20231201T080000 skipped
20231201T120000 skipped
20231201T160000 skipped
20231201T200000 skipped
20231205T000000 skipped
20231205T040000 skipped
20231205T080000 skipped
20231205T120000 skipped
20231205T160000 skipped
20231205T200000 skipped
20231209T000000 skipped
20231209T040000 skipped
20231209T080000 skipped
20231209T120000 skipped
20231209T160000 skipped
20231209T200000 skipped
20231213T000000 skipped
20231213T040000 skipped
20231213T080000 skipped
20231213T120000 skipped
20231213T160000 skipped
20231213T200000 skipped
20231217T000000 skipped
20231217T040000 skipped
20231217T080000 skipped
20231217T120000 skipped
20231217T160000 skipped
20231217T200000 skipped
20231221T000000 skipped
20231221T040000 skipped
20231221T080000 skipped
20231221T120000 skipped
20231221T160000 skipped
20231221T200000 skipped
20231225T000000 skipped
20231225T040000 skipped
20231225T080000 skipped
20231225T120000 skipped
20231225T160000 skipped
20231225T200000 skipped
20231229T000000 skipped
20231229T040000 skipped
20231229T080000 skipped
20231229T120000 skipped
20231229T160000 skipped
20231229T200000 skipped
20240102T000000 skipped
20240102T040000 skipped
20240102T080000 skipped
20240102T120000 skipped
20240102T160000 skipped
20240102T200000 skipped
20240106T000000 skipped
20240106T040000 skipped
20240106T080000 skipped
20240106T120000 skipped
20240106T160000 skipped
20240106T200000 skipped
20240110T000000 skipped
20240110T040000 skipped
20240110T080000 skipped
20240110T120000 skipped
20240110T160000 skipped
20240110T200000 skipped
20240114T000000 skipped
20240114T040000 skipped
20240114T080000 skipped
20240114T120000 skipped
20240114T160000 skipped
20240114T200000 skipped
20240118T000000 skipped
20240118T040000 skipped
20240118T080000 skipped
20240118T120000 skipped
20240118T160000 skipped
20240118T200000 skipped
20240122T000000 skipped
20240122T040000 skipped
20240122T080000 skipped
20240122T120000 skipped
20240122T160000 skipped
20240122T200000 skipped
20240126T000000 skipped
20240126T040000 skipped
20240126T080000 skipped
20240126T120000 skipped
20240126T160000 skipped
20240126T200000 skipped
20240130T000000 skipped
20240130T040000 skipped
20240130T080000 skipped
20240130T120000 skipped
20240130T160000 skipped
20240130T200000 skipped
20240203T000000 skipped
20240203T040000 skipped
20240203T080000 skipped
20240203T120000 skipped
20240203T160000 skipped
20240203T200000 skipped
20240207T000000 skipped
20240207T040000 skipped
20240207T080000 skipped
20240207T120000 skipped
20240207T160000 skipped
20240207T200000 skipped
20240211T000000 skipped
20240211T040000 skipped
20240211T080000 skipped
20240211T120000 skipped
20240211T160000 skipped
20240211T200000 skipped
20240215T000000 skipped
20240215T040000 skipped
20240215T080000 skipped
20240215T120000 skipped
20240215T160000 skipped
20240215T200000 skipped
20240219T000000 skipped
20240219T040000 skipped
20240219T080000 skipped
20240219T120000 skipped
20240219T160000 skipped
20240219T200000 skipped
20240223T000000 skipped
20240223T040000 skipped
20240223T080000 skipped
20240223T120000 skipped
20240223T160000 skipped
20240223T200000 skipped
20240227T000000 skipped
20240227T040000 skipped
20240227T080000 skipped
20240227T120000 skipped
20240227T160000 skipped
20240227T200000 skipped
20240302T000000 skipped
20240302T040000 skipped
20240302T080000 skipped
20240302T120000 skipped
20240302T160000 skipped
20240302T200000 skipped
20240306T000000 skipped
20240306T040000 skipped
20240306T080000 skipped
20240306T120000 skipped
20240306T160000 skipped
20240306T200000 skipped
20240310T000000 skipped
20240310T040000 skipped
20240310T080000 skipped
20240310T120000 skipped
20240310T160000 skipped
20240310T200000 skipped
20240314T000000 skipped
20240314T040000 skipped
20240314T080000 skipped
20240314T120000 skipped
20240314T160000 skipped
20240314T200000 skipped
20240318T000000 skipped
20240318T040000 skipped
20240318T080000 skipped
20240318T120000 skipped
20240318T160000 skipped
20240318T200000 skipped
20240322T000000 skipped
20240322T040000 skipped
20240322T080000 skipped
20240322T120000 skipped
20240322T160000 skipped
20240322T200000 skipped
20240326T000000 skipped
20240326T040000 skipped
20240326T080000 skipped
20240326T120000 skipped
20240326T160000 skipped
20240326T200000 skipped
20240330T000000 skipped
20240330T040000 skipped
20240330T080000 skipped
20240330T120000 skipped
20240330T160000 skipped
20240330T200000 skipped
20240403T000000 skipped
20240403T040000 skipped
20240403T080000 skipped
20240403T120000 skipped
20240403T160000 skipped
20240403T200000 skipped
20240407T000000 skipped
20240407T040000 skipped
20240407T080000 skipped
20240407T120000 skipped
20240407T160000 skipped
20240407T200000 skipped
20240411T000000 skipped
20240411T040000 skipped
20240411T080000 skipped
20240411T120000 skipped
20240411T160000 skipped
20240411T200000 skipped
20240415T000000 skipped
20240415T040000 skipped
20240415T080000 skipped
20240415T120000 skipped
20240415T160000 skipped
20240415T200000 skipped
20240419T000000 skipped
20240419T040000 skipped
20240419T080000 skipped
20240419T120000 skipped
20240419T160000 skipped
20240419T200000 skipped
20240423T000000 skipped
20240423T040000 skipped
20240423T080000 skipped
20240423T120000 skipped
20240423T160000 skipped
20240423T200000 skipped
20240427T000000 skipped
20240427T040000 skipped
20240427T080000 skipped
20240427T120000 skipped
20240427T160000 skipped
20240427T200000 skipped
20240501T000000 skipped
20240501T040000 skipped
20240501T080000 skipped
20240501T120000 skipped
20240501T160000 skipped
20240501T200000 skipped
20240505T000000 skipped
20240505T040000 skipped
20240505T080000 skipped
20240505T120000 skipped
20240505T160000 skipped
20240505T200000 skipped
20240509T000000 skipped
20240509T040000 skipped
20240509T080000 skipped
20240509T120000 skipped
20240509T160000 skipped
20240509T200000 skipped
20240602T000000 skipped
20240602T040000 skipped
20240602T080000 skipped
20240602T120000 skipped
20240602T160000 skipped
20240602T200000 skipped
20240606T000000 skipped
20240606T040000 skipped
20240606T080000 skipped
20240606T120000 skipped
20240606T160000 skipped
20240606T200000 skipped
20240610T000000 skipped
20240610T040000 skipped
20240610T080000 skipped
20240610T120000 skipped
20240610T160000 skipped
20240610T200000 skipped
20240614T000000 skipped
20240614T040000 skipped
20240614T080000 skipped
20240614T120000 skipped
20240614T160000 skipped
20240614T200000 skipped
20240618T000000 skipped
20240618T040000 skipped
20240618T080000 skipped
20240618T120000 skipped
20240618T160000 skipped
20240618T200000 skipped
20240622T000000 skipped
20240622T040000 skipped
20240622T080000 skipped
20240622T120000 skipped
20240622T160000 skipped
20240622T200000 skipped
20240626T000000 skipped
20240626T040000 skipped
20240626T080000 skipped
20240626T120000 skipped
20240626T160000 skipped
20240626T200000 skipped
20240630T000000 skipped
20240630T040000 skipped
20240630T080000 skipped
20240630T120000 skipped
20240630T160000 skipped
20240630T200000 skipped
20240704T000000 skipped
20240704T040000 skipped
20240704T080000 skipped
20240704T120000 skipped
20240704T160000 skipped
20240704T200000 skipped
20240708T000000 skipped
20240708T040000 skipped
20240708T080000 skipped
20240708T120000 skipped
20240708T160000 skipped
20240708T200000 skipped
20240712T000000 skipped
20240712T040000 skipped
20240712T080000 skipped
20240712T120000 skipped
20240712T160000 skipped
20240712T200000 skipped
20240716T000000 skipped
20240716T040000 skipped
20240716T080000 skipped
20240716T120000 skipped
20240716T160000 skipped
20240716T200000 skipped
20240720T000000 skipped
20240720T040000 skipped
20240720T080000 skipped
20240720T120000 skipped
20240720T160000 skipped
20240720T200000 skipped
20240724T000000 skipped
20240724T040000 skipped
20240724T080000 skipped
20240724T120000 skipped
20240724T160000 skipped
20240724T200000 skipped
20240728T000000 skipped
20240728T040000 skipped
20240728T080000 skipped
20240728T120000 skipped
20240728T160000 skipped
20240728T200000 skipped
20240801T000000 skipped
20240801T040000 skipped
20240801T080000 skipped
20240801T120000 skipped
20240801T160000 skipped
20240801T200000 skipped
20240805T000000 skipped
20240805T040000 skipped
20240805T080000 skipped
20240805T120000 skipped
20240805T160000 skipped
20240805T200000 skipped
20240809T000000 skipped
20240809T040000 skipped
20240809T080000 skipped
20240809T120000 skipped
20240809T160000 skipped
20240809T200000 skipped
20240813T000000 skipped
20240813T040000 skipped
20240813T080000 skipped
20240813T120000 skipped
20240813T160000 skipped
20240813T200000 skipped
AXBA1:
Downloading mseed file...
AXCC1:
Downloading mseed file...
AXEC2:
Downloading mseed file...
HYS14:
Downloading mseed file...
HYSB1:
Downloading mseed file...
20240817T000000 completed.
AXBA1:
Downloading mseed file...
AXCC1:
Downloading mseed file...
AXEC2:
Downloading mseed file...
HYS14:
Downloading mseed file...
HYSB1:
Downloading mseed file...
20240817T040000 completed.
AXBA1:
Downloading mseed file...
AXCC1:
Downloading mseed file...
AXEC2:
Downloading mseed file...
HYS14:
Downloading mseed file...
HYSB1:
Downloading mseed file...
20240817T080000 completed.
AXBA1:
Downloading mseed file...
AXCC1:
Downloading mseed file...
AXEC2:
Downloading mseed file...
HYS14:
Downloading mseed file...
HYSB1:
Downloading mseed file...
20240817T120000 completed.
AXBA1:
Downloading mseed file...
AXCC1:
Downloading mseed file...
AXEC2:
Downloading mseed file...
HYS14:
Downloading mseed file...
HYSB1:
Downloading mseed file...
20240817T160000 completed.
AXBA1:
Downloading mseed file...
AXCC1:
Downloading mseed file...
AXEC2:
Downloading mseed file...
HYS14:
Downloading mseed file...
HYSB1:
Downloading mseed file...
20240817T200000 completed.
AXBA1:
Downloading mseed file...
AXCC1:
Downloading mseed file...
AXEC2:
Downloading mseed file...
HYS14:
Downloading mseed file...
   error loading data from OOI server.
      likely that time window doesn't have data
HYSB1:
Downloading mseed file...
20240821T000000 completed.
AXBA1:
Downloading mseed file...
AXCC1:
Downloading mseed file...
AXEC2:
Downloading mseed file...
HYS14:
Downloading mseed file...
   error loading data from OOI server.
      likely that time window doesn't have data
HYSB1:
Downloading mseed file...
20240821T040000 completed.
AXBA1:
Downloading mseed file...
AXCC1:
Downloading mseed file...
AXEC2:
Downloading mseed file...
HYS14:
Downloading mseed file...
HYSB1:
Downloading mseed file...
20240821T080000 completed.
AXBA1:
Downloading mseed file...
AXCC1:
Downloading mseed file...
AXEC2:
Downloading mseed file...
HYS14:
Downloading mseed file...
HYSB1:
Downloading mseed file...
20240821T120000 completed.
AXBA1:
Downloading mseed file...
AXCC1:
Downloading mseed file...
AXEC2:
Downloading mseed file...
HYS14:
Downloading mseed file...
HYSB1:
Downloading mseed file...
20240821T160000 completed.
AXBA1:
Downloading mseed file...
AXCC1:
Downloading mseed file...
AXEC2:
Downloading mseed file...
HYS14:
Downloading mseed file...
HYSB1:
Downloading mseed file...
20240821T200000 completed.
AXBA1:
Downloading mseed file...
AXCC1:
Downloading mseed file...
AXEC2:
Downloading mseed file...
HYS14:
Downloading mseed file...
HYSB1:
Downloading mseed file...
20240825T000000 completed.
AXBA1:
Downloading mseed file...
AXCC1:
Downloading mseed file...
AXEC2:
Downloading mseed file...
HYS14:
Downloading mseed file...
HYSB1:
Downloading mseed file...
20240825T040000 completed.
AXBA1:
Downloading mseed file...
AXCC1:
Downloading mseed file...
AXEC2:
Downloading mseed file...
HYS14:
Downloading mseed file...
HYSB1:
Downloading mseed file...
20240825T080000 completed.
AXBA1:
Downloading mseed file...
AXCC1:
Downloading mseed file...
AXEC2:
Downloading mseed file...
HYS14:
Downloading mseed file...
HYSB1:
Downloading mseed file...
20240825T120000 completed.
AXBA1:
Downloading mseed file...
AXCC1:
Downloading mseed file...
AXEC2:
Downloading mseed file...
HYS14:
Downloading mseed file...
HYSB1:
Downloading mseed file...
20240825T160000 completed.
AXBA1:
Downloading mseed file...
AXCC1:
Downloading mseed file...
AXEC2:
Downloading mseed file...
HYS14:
Downloading mseed file...
HYSB1:
Downloading mseed file...
20240825T200000 completed.
AXBA1:
Downloading mseed file...
AXCC1:
Downloading mseed file...
AXEC2:
Downloading mseed file...
HYS14:
Downloading mseed file...
HYSB1:
Downloading mseed file...
20240829T000000 completed.
AXBA1:
Downloading mseed file...
AXCC1:
Downloading mseed file...
AXEC2:
Downloading mseed file...
HYS14:
Downloading mseed file...
HYSB1:
Downloading mseed file...
20240829T040000 completed.
AXBA1:
Downloading mseed file...
AXCC1:
Downloading mseed file...
AXEC2:
Downloading mseed file...
HYS14:
Downloading mseed file...
HYSB1:
Downloading mseed file...
20240829T080000 completed.
AXBA1:
Downloading mseed file...
AXCC1:
Downloading mseed file...
AXEC2:
Downloading mseed file...
HYS14:
Downloading mseed file...
HYSB1:
Downloading mseed file...
20240829T120000 completed.
AXBA1:
Downloading mseed file...
AXCC1:
Downloading mseed file...
AXEC2:
Downloading mseed file...
HYS14:
Downloading mseed file...
HYSB1:
Downloading mseed file...
20240829T160000 completed.
AXBA1:
Downloading mseed file...
AXCC1:
Downloading mseed file...
AXEC2:
Downloading mseed file...
HYS14:
Downloading mseed file...
HYSB1:
Downloading mseed file...
20240829T200000 completed.
